<?xml version="1.0" encoding="UTF-8"?>
<!-- Generated by org.testng.reporters.JUnitReportReporter -->
<testsuite skipped="1" hostname="aham" name="practiceChapter3.Program3" tests="29" failures="0" timestamp="2023-02-09T14:13:48 IST" time="0.058" errors="0">
  <testcase name="demo1" time="0.006" classname="practiceChapter3.Program3"/>
  <system-out/>
  <testcase name="demo2" time="0.001" classname="practiceChapter3.Program3"/>
  <system-out/>
  <testcase name="demo2" time="0.000" classname="practiceChapter3.Program3"/>
  <system-out/>
  <testcase name="demo2" time="0.002" classname="practiceChapter3.Program3"/>
  <system-out/>
  <testcase name="demo3" time="0.004" classname="practiceChapter3.Program3"/>
  <system-out/>
  <testcase name="demo3" time="0.011" classname="practiceChapter3.Program3"/>
  <system-out/>
  <testcase name="demo3" time="0.003" classname="practiceChapter3.Program3"/>
  <system-out/>
  <testcase name="demo5" time="0.002" classname="practiceChapter3.Program3"/>
  <system-out/>
  <testcase name="demo5" time="0.001" classname="practiceChapter3.Program3"/>
  <system-out/>
  <testcase name="demo5" time="0.002" classname="practiceChapter3.Program3"/>
  <system-out/>
  <testcase name="demo5" time="0.003" classname="practiceChapter3.Program3"/>
  <system-out/>
  <testcase name="demo5" time="0.005" classname="practiceChapter3.Program3"/>
  <system-out/>
  <testcase name="demo6" time="0.001" classname="practiceChapter3.Program3"/>
  <system-out/>
  <testcase name="demo6" time="0.002" classname="practiceChapter3.Program3"/>
  <system-out/>
  <testcase name="demo6" time="0.001" classname="practiceChapter3.Program3"/>
  <system-out/>
  <testcase name="demo6" time="0.002" classname="practiceChapter3.Program3"/>
  <system-out/>
  <testcase name="demo6" time="0.002" classname="practiceChapter3.Program3"/>
  <system-out/>
  <testcase name="demo6" time="0.001" classname="practiceChapter3.Program3"/>
  <system-out/>
  <testcase name="demo7" time="0.000" classname="practiceChapter3.Program3"/>
  <system-out/>
  <testcase name="demo7" time="0.000" classname="practiceChapter3.Program3"/>
  <system-out/>
  <testcase name="demo7" time="0.001" classname="practiceChapter3.Program3"/>
  <system-out/>
  <testcase name="demo7" time="0.001" classname="practiceChapter3.Program3"/>
  <system-out/>
  <testcase name="demo7" time="0.001" classname="practiceChapter3.Program3"/>
  <system-out/>
  <testcase name="demo7" time="0.000" classname="practiceChapter3.Program3"/>
  <system-out/>
  <testcase name="demo7" time="0.000" classname="practiceChapter3.Program3"/>
  <system-out/>
  <testcase name="demo7" time="0.004" classname="practiceChapter3.Program3"/>
  <system-out/>
  <testcase name="demo7" time="0.001" classname="practiceChapter3.Program3"/>
  <system-out/>
  <testcase name="demo7" time="0.001" classname="practiceChapter3.Program3"/>
  <system-out/>
  <testcase name="demo4" classname="practiceChapter3.Program3">
    <skipped/>
  </testcase> <!-- demo4 -->
  <system-out/>
</testsuite> <!-- practiceChapter3.Program3 -->
