<?xml version="1.0" encoding="UTF-8"?>
<!-- Generated by org.testng.reporters.JUnitReportReporter -->
<testsuite skipped="0" hostname="aham" name="groupExecution.FirstTest" tests="3" failures="0" timestamp="2023-01-21T11:58:26 IST" time="0.002" errors="0">
  <testcase name="test1" time="0.001" classname="groupExecution.FirstTest"/>
  <system-out/>
  <testcase name="test" time="0.000" classname="groupExecution.FirstTest"/>
  <system-out/>
  <testcase name="test2" time="0.001" classname="groupExecution.FirstTest"/>
  <system-out/>
</testsuite> <!-- groupExecution.FirstTest -->
