<?xml version="1.0" encoding="UTF-8"?>
<!-- Generated by org.testng.reporters.JUnitReportReporter -->
<testsuite skipped="0" hostname="aham" name="testNG.InvocationCountPractice" tests="6" failures="0" timestamp="2023-01-20T10:44:50 IST" time="0.012" errors="0">
  <testcase name="demo5" time="0.001" classname="testNG.InvocationCountPractice"/>
  <system-out/>
  <testcase name="demo5" time="0.001" classname="testNG.InvocationCountPractice"/>
  <system-out/>
  <testcase name="demo1" time="0.005" classname="testNG.InvocationCountPractice"/>
  <system-out/>
  <testcase name="demo1" time="0.001" classname="testNG.InvocationCountPractice"/>
  <system-out/>
  <testcase name="demo4" time="0.000" classname="testNG.InvocationCountPractice"/>
  <system-out/>
  <testcase name="demo5" time="0.004" classname="testNG.InvocationCountPractice"/>
  <system-out/>
</testsuite> <!-- testNG.InvocationCountPractice -->
