<?xml version="1.0" encoding="UTF-8"?>
<!-- Generated by org.testng.reporters.JUnitReportReporter -->
<testsuite skipped="0" hostname="aham" name="practiceChapter3.FirstTest" tests="2" failures="0" timestamp="2023-02-09T18:45:51 IST" time="0.001" errors="0">
  <testcase name="demo2" time="0.001" classname="practiceChapter3.FirstTest"/>
  <system-out/>
  <testcase name="demo3" time="0.000" classname="practiceChapter3.FirstTest"/>
  <system-out/>
</testsuite> <!-- practiceChapter3.FirstTest -->
