<?xml version="1.0" encoding="UTF-8"?>
<!-- Generated by org.testng.reporters.JUnitReportReporter -->
<testsuite skipped="0" hostname="aham" name="batchExecution.FiveTest" tests="1" failures="0" timestamp="2023-01-21T11:23:13 IST" time="0.005" errors="0">
  <testcase name="demo" time="0.005" classname="batchExecution.FiveTest"/>
  <system-out>
    <![CDATA[Five Test]]>
  </system-out>
</testsuite> <!-- batchExecution.FiveTest -->
