<?xml version="1.0" encoding="UTF-8"?>
<!-- Generated by org.testng.reporters.JUnitReportReporter -->
<testsuite skipped="0" hostname="aham" name="practiceChapter3.BatchExicution5" tests="1" failures="0" timestamp="2023-02-09T19:18:00 IST" time="0.001" errors="0">
  <testcase name="demo5" time="0.001" classname="practiceChapter3.BatchExicution5"/>
  <system-out/>
</testsuite> <!-- practiceChapter3.BatchExicution5 -->
