<?xml version="1.0" encoding="UTF-8"?>
<!-- Generated by org.testng.reporters.JUnitReportReporter -->
<testsuite skipped="0" hostname="aham" name="batchExecution.ThirdTest" tests="1" failures="0" timestamp="2023-01-21T11:23:13 IST" time="0.002" errors="0">
  <testcase name="demo" time="0.002" classname="batchExecution.ThirdTest"/>
  <system-out>
    <![CDATA[third Test]]>
  </system-out>
</testsuite> <!-- batchExecution.ThirdTest -->
