<?xml version="1.0" encoding="UTF-8"?>
<!-- Generated by org.testng.reporters.JUnitReportReporter -->
<testsuite skipped="0" hostname="aham" name="practiceChapter3.DemoActitimeCrossBrowserExicution" tests="2" failures="0" timestamp="2023-02-09T19:55:14 IST" time="29.252" errors="0">
  <testcase name="login" time="15.747" classname="practiceChapter3.DemoActitimeCrossBrowserExicution"/>
  <system-out/>
  <testcase name="login" time="13.505" classname="practiceChapter3.DemoActitimeCrossBrowserExicution"/>
  <system-out/>
</testsuite> <!-- practiceChapter3.DemoActitimeCrossBrowserExicution -->
