<?xml version="1.0" encoding="UTF-8"?>
<!-- Generated by org.testng.reporters.JUnitReportReporter -->
<testsuite skipped="0" hostname="aham" name="practiceChapter3.GoogleCrossBrowserExicutions" tests="2" failures="0" timestamp="2023-02-09T19:55:14 IST" time="11.774" errors="0">
  <testcase name="SimpleTest" time="5.909" classname="practiceChapter3.GoogleCrossBrowserExicutions"/>
  <system-out/>
  <testcase name="SimpleTest" time="5.865" classname="practiceChapter3.GoogleCrossBrowserExicutions"/>
  <system-out/>
</testsuite> <!-- practiceChapter3.GoogleCrossBrowserExicutions -->
