<?xml version="1.0" encoding="UTF-8"?>
<!-- Generated by org.testng.reporters.JUnitReportReporter -->
<testsuite skipped="0" hostname="aham" name="practiceChapter3.ThirdTest" tests="3" failures="0" timestamp="2023-02-09T18:45:51 IST" time="0.009" errors="0">
  <testcase name="demo3" time="0.001" classname="practiceChapter3.ThirdTest"/>
  <system-out/>
  <testcase name="demo1" time="0.007" classname="practiceChapter3.ThirdTest"/>
  <system-out/>
  <testcase name="demo2" time="0.001" classname="practiceChapter3.ThirdTest"/>
  <system-out/>
</testsuite> <!-- practiceChapter3.ThirdTest -->
