<?xml version="1.0" encoding="UTF-8"?>
<!-- Generated by org.testng.reporters.JUnitReportReporter -->
<testsuite skipped="0" hostname="aham" name="distributedparallelexcution.SecondTest" tests="1" failures="0" timestamp="2023-01-23T11:29:08 IST" time="0.004" errors="0">
  <testcase name="demo" time="0.004" classname="distributedparallelexcution.SecondTest"/>
  <system-out>
    <![CDATA[Second Test]]>
  </system-out>
</testsuite> <!-- distributedparallelexcution.SecondTest -->
