<?xml version="1.0" encoding="UTF-8"?>
<!-- Generated by org.testng.reporters.JUnitReportReporter -->
<testsuite skipped="0" hostname="aham" name="testNG.AnnotationsPractice" tests="1" failures="0" timestamp="2023-01-20T12:00:01 IST" time="0.005" errors="0">
  <testcase name="Test" time="0.005" classname="testNG.AnnotationsPractice"/>
  <system-out/>
</testsuite> <!-- testNG.AnnotationsPractice -->
