<?xml version="1.0" encoding="UTF-8"?>
<!-- Generated by org.testng.reporters.JUnitReportReporter -->
<testsuite skipped="0" hostname="aham" name="batchExecution.ForthTest" tests="1" failures="0" timestamp="2023-01-21T11:20:10 IST" time="0.006" errors="0">
  <testcase name="demo" time="0.006" classname="batchExecution.ForthTest"/>
  <system-out>
    <![CDATA[Forth Test]]>
  </system-out>
</testsuite> <!-- batchExecution.ForthTest -->
