<?xml version="1.0" encoding="UTF-8"?>
<!-- Generated by org.testng.reporters.JUnitReportReporter -->
<testsuite skipped="0" hostname="aham" name="distributedparallelexcution.SixthTest" tests="1" failures="0" timestamp="2023-01-23T11:29:08 IST" time="0.006" errors="0">
  <testcase name="demo" time="0.006" classname="distributedparallelexcution.SixthTest"/>
  <system-out>
    <![CDATA[Sixth Test]]>
  </system-out>
</testsuite> <!-- distributedparallelexcution.SixthTest -->
