<?xml version="1.0" encoding="UTF-8"?>
<!-- Generated by org.testng.reporters.JUnitReportReporter -->
<testsuite skipped="0" hostname="aham" name="testNG.PriorityInvocationCountPractice" tests="9" failures="0" timestamp="2023-01-20T10:52:34 IST" time="0.015" errors="0">
  <testcase name="demo2" time="0.002" classname="testNG.PriorityInvocationCountPractice"/>
  <system-out/>
  <testcase name="demo2" time="0.000" classname="testNG.PriorityInvocationCountPractice"/>
  <system-out/>
  <testcase name="demo2" time="0.006" classname="testNG.PriorityInvocationCountPractice"/>
  <system-out/>
  <testcase name="demo1" time="0.001" classname="testNG.PriorityInvocationCountPractice"/>
  <system-out/>
  <testcase name="demo1" time="0.002" classname="testNG.PriorityInvocationCountPractice"/>
  <system-out/>
  <testcase name="demo5" time="0.001" classname="testNG.PriorityInvocationCountPractice"/>
  <system-out/>
  <testcase name="demo5" time="0.002" classname="testNG.PriorityInvocationCountPractice"/>
  <system-out/>
  <testcase name="demo5" time="0.000" classname="testNG.PriorityInvocationCountPractice"/>
  <system-out/>
  <testcase name="demo4" time="0.001" classname="testNG.PriorityInvocationCountPractice"/>
  <system-out/>
</testsuite> <!-- testNG.PriorityInvocationCountPractice -->
