<?xml version="1.0" encoding="UTF-8"?>
<!-- Generated by org.testng.reporters.JUnitReportReporter -->
<testsuite skipped="0" hostname="aham" name="testNG.SampleTest" tests="1" failures="0" timestamp="2023-01-19T11:42:57 IST" time="0.007" errors="0">
  <testcase name="demo" time="0.007" classname="testNG.SampleTest"/>
  <system-out>
    <![CDATA[hello world]]>
  </system-out>
</testsuite> <!-- testNG.SampleTest -->
