<?xml version="1.0" encoding="UTF-8"?>
<!-- Generated by org.testng.reporters.JUnitReportReporter -->
<testsuite skipped="0" hostname="aham" name="crossbrowserparallel.GoogleTest" tests="2" failures="0" timestamp="2023-01-23T20:59:57 IST" time="9.176" errors="0">
  <testcase name="simpleTest" time="4.856" classname="crossbrowserparallel.GoogleTest"/>
  <system-out/>
  <testcase name="simpleTest" time="4.320" classname="crossbrowserparallel.GoogleTest"/>
  <system-out/>
</testsuite> <!-- crossbrowserparallel.GoogleTest -->
