<?xml version="1.0" encoding="UTF-8"?>
<!-- Generated by org.testng.reporters.JUnitReportReporter -->
<testsuite skipped="1" hostname="aham" name="testNG.EnableFalsePractice" tests="3" failures="0" timestamp="2023-02-09T14:23:10 IST" time="0.007" errors="0">
  <testcase name="test0" time="0.006" classname="testNG.EnableFalsePractice"/>
  <system-out/>
  <testcase name="test1" time="0.001" classname="testNG.EnableFalsePractice"/>
  <system-out/>
  <testcase name="test2" classname="testNG.EnableFalsePractice">
    <skipped/>
  </testcase> <!-- test2 -->
  <system-out/>
</testsuite> <!-- testNG.EnableFalsePractice -->
