<?xml version="1.0" encoding="UTF-8"?>
<!-- Generated by org.testng.reporters.JUnitReportReporter -->
<testsuite skipped="0" hostname="aham" name="testNG.PriorityPractice" tests="5" failures="0" timestamp="2023-01-20T10:30:55 IST" time="0.010" errors="0">
  <testcase name="demo5" time="0.007" classname="testNG.PriorityPractice"/>
  <system-out/>
  <testcase name="demo3" time="0.001" classname="testNG.PriorityPractice"/>
  <system-out/>
  <testcase name="demo4" time="0.001" classname="testNG.PriorityPractice"/>
  <system-out/>
  <testcase name="demo1" time="0.001" classname="testNG.PriorityPractice"/>
  <system-out/>
  <testcase name="demo2" time="0.000" classname="testNG.PriorityPractice"/>
  <system-out/>
</testsuite> <!-- testNG.PriorityPractice -->
