<?xml version="1.0" encoding="UTF-8"?>
<!-- Generated by org.testng.reporters.JUnitReportReporter -->
<testsuite skipped="0" hostname="aham" name="crossbrowserparallel.ActitimeLoginTest" tests="2" failures="0" timestamp="2023-01-23T20:59:57 IST" time="35.922" errors="0">
  <testcase name="loginTest" time="17.042" classname="crossbrowserparallel.ActitimeLoginTest"/>
  <system-out/>
  <testcase name="loginTest" time="18.880" classname="crossbrowserparallel.ActitimeLoginTest"/>
  <system-out/>
</testsuite> <!-- crossbrowserparallel.ActitimeLoginTest -->
