<?xml version="1.0" encoding="UTF-8"?>
<!-- Generated by org.testng.reporters.JUnitReportReporter -->
<testsuite skipped="0" hostname="aham" name="groupExecution.ThirdTest" tests="2" failures="0" timestamp="2023-01-21T11:58:26 IST" time="0.014" errors="0">
  <testcase name="test" time="0.013" classname="groupExecution.ThirdTest"/>
  <system-out/>
  <testcase name="test1" time="0.001" classname="groupExecution.ThirdTest"/>
  <system-out/>
</testsuite> <!-- groupExecution.ThirdTest -->
